2013-02-20 16:00:38,812 [main] ERROR StackTrace  - Full Stack Trace:
Condition not satisfied:

flash.error == "Invalid Credentials"
|     |     |
|     |     false
|     |     1 difference (94% similarity)
|     |     Invalid (c)redentials
|     |     Invalid (C)redentials
|     Invalid credentials
[error:Invalid credentials]

	at com.durasoft.SimpleControllerSpec.invalid login(SimpleControllerSpec.groovy:22)
2013-02-20 16:00:38,823 [main] ERROR StackTrace  - Full Stack Trace:
Condition not satisfied:

flash.error == "Invalid Credentials"
|     |     |
|     |     false
|     |     1 difference (94% similarity)
|     |     Invalid (c)redentials
|     |     Invalid (C)redentials
|     Invalid credentials
[error:Invalid credentials]

	at com.durasoft.SimpleControllerSpec.invalid login(SimpleControllerSpec.groovy:22)
2013-02-20 16:00:38,845 [main] ERROR StackTrace  - Full Stack Trace:
junit.framework.AssertionFailedError: Condition not satisfied:

flash.error == "Invalid Credentials"
|     |     |
|     |     false
|     |     1 difference (94% similarity)
|     |     Invalid (c)redentials
|     |     Invalid (C)redentials
|     Invalid credentials
[error:Invalid credentials]

	at com.durasoft.SimpleControllerSpec.invalid login(SimpleControllerSpec.groovy:22)
2013-02-20 16:00:38,845 [main] ERROR StackTrace  - Full Stack Trace:
junit.framework.AssertionFailedError: Condition not satisfied:

flash.error == "Invalid Credentials"
|     |     |
|     |     false
|     |     1 difference (94% similarity)
|     |     Invalid (c)redentials
|     |     Invalid (C)redentials
|     Invalid credentials
[error:Invalid credentials]

	at com.durasoft.SimpleControllerSpec.invalid login(SimpleControllerSpec.groovy:22)
2013-02-20 16:00:38,854 [main] ERROR StackTrace  - Full Stack Trace:
junit.framework.AssertionFailedError: Condition not satisfied:

flash.error == "Invalid Credentials"
|     |     |
|     |     false
|     |     1 difference (94% similarity)
|     |     Invalid (c)redentials
|     |     Invalid (C)redentials
|     Invalid credentials
[error:Invalid credentials]

	at com.durasoft.SimpleControllerSpec.invalid login(SimpleControllerSpec.groovy:22)
2013-02-20 16:00:38,854 [main] ERROR StackTrace  - Full Stack Trace:
junit.framework.AssertionFailedError: Condition not satisfied:

flash.error == "Invalid Credentials"
|     |     |
|     |     false
|     |     1 difference (94% similarity)
|     |     Invalid (c)redentials
|     |     Invalid (C)redentials
|     Invalid credentials
[error:Invalid credentials]

	at com.durasoft.SimpleControllerSpec.invalid login(SimpleControllerSpec.groovy:22)
2013-02-20 16:10:17,440 [main] ERROR StackTrace  - Full Stack Trace:
java.lang.NullPointerException: Cannot invoke method authenticate() on null object
	at com.durasoft.SimpleController.login2(SimpleController.groovy:10)
	at com.durasoft.SimpleControllerSpec.valid login2(SimpleControllerSpec.groovy:20)
2013-02-20 16:10:17,466 [main] ERROR StackTrace  - Full Stack Trace:
java.lang.NullPointerException: Cannot invoke method authenticate() on null object
	at com.durasoft.SimpleController.login2(SimpleController.groovy:10)
	at com.durasoft.SimpleControllerSpec.valid login2(SimpleControllerSpec.groovy:20)
2013-02-20 16:10:17,469 [main] ERROR StackTrace  - Full Stack Trace:
java.lang.NullPointerException: Cannot invoke method authenticate() on null object
	at com.durasoft.SimpleController.login2(SimpleController.groovy:10)
	at com.durasoft.SimpleControllerSpec.valid login2(SimpleControllerSpec.groovy:20)
2013-02-20 16:10:17,469 [main] ERROR StackTrace  - Full Stack Trace:
java.lang.NullPointerException: Cannot invoke method authenticate() on null object
	at com.durasoft.SimpleController.login2(SimpleController.groovy:10)
	at com.durasoft.SimpleControllerSpec.valid login2(SimpleControllerSpec.groovy:20)
2013-02-20 16:10:17,495 [main] ERROR StackTrace  - Full Stack Trace:
java.lang.NullPointerException: Cannot invoke method authenticate() on null object
	at com.durasoft.SimpleController.login2(SimpleController.groovy:10)
	at com.durasoft.SimpleControllerSpec.valid login2(SimpleControllerSpec.groovy:20)
2013-02-20 16:10:17,495 [main] ERROR StackTrace  - Full Stack Trace:
java.lang.NullPointerException: Cannot invoke method authenticate() on null object
	at com.durasoft.SimpleController.login2(SimpleController.groovy:10)
	at com.durasoft.SimpleControllerSpec.valid login2(SimpleControllerSpec.groovy:20)
2013-02-20 16:23:05,201 [main] ERROR StackTrace  - Full Stack Trace:
groovy.lang.MissingMethodException: No signature of method: com.durasoft.AuthenticationServiceSpec.mockDomain() is applicable for argument types: (java.lang.Class, java.util.ArrayList) values: [class com.durasoft.SpockUser, [com.durasoft.SpockUser : null]]
	at com.durasoft.AuthenticationServiceSpec.test valid authentication(AuthenticationServiceSpec.groovy:18)
2013-02-20 16:23:05,238 [main] ERROR StackTrace  - Full Stack Trace:
groovy.lang.MissingMethodException: No signature of method: com.durasoft.AuthenticationServiceSpec.mockDomain() is applicable for argument types: (java.lang.Class, java.util.ArrayList) values: [class com.durasoft.SpockUser, [com.durasoft.SpockUser : null]]
	at com.durasoft.AuthenticationServiceSpec.test valid authentication(AuthenticationServiceSpec.groovy:18)
2013-02-20 16:23:05,272 [main] ERROR StackTrace  - Full Stack Trace:
groovy.lang.MissingMethodException: No signature of method: com.durasoft.AuthenticationServiceSpec.mockDomain() is applicable for argument types: (java.lang.Class, java.util.ArrayList) values: [class com.durasoft.SpockUser, [com.durasoft.SpockUser : null]]
	at com.durasoft.AuthenticationServiceSpec.test valid authentication(AuthenticationServiceSpec.groovy:18)
2013-02-20 16:23:05,287 [main] ERROR StackTrace  - Full Stack Trace:
groovy.lang.MissingMethodException: No signature of method: com.durasoft.AuthenticationServiceSpec.mockDomain() is applicable for argument types: (java.lang.Class, java.util.ArrayList) values: [class com.durasoft.SpockUser, [com.durasoft.SpockUser : null]]
	at com.durasoft.AuthenticationServiceSpec.test valid authentication(AuthenticationServiceSpec.groovy:18)
2013-02-20 16:23:05,322 [main] ERROR StackTrace  - Full Stack Trace:
groovy.lang.MissingMethodException: No signature of method: com.durasoft.AuthenticationServiceSpec.mockDomain() is applicable for argument types: (java.lang.Class, java.util.ArrayList) values: [class com.durasoft.SpockUser, [com.durasoft.SpockUser : null]]
	at com.durasoft.AuthenticationServiceSpec.test valid authentication(AuthenticationServiceSpec.groovy:18)
2013-02-20 16:23:05,325 [main] ERROR StackTrace  - Full Stack Trace:
groovy.lang.MissingMethodException: No signature of method: com.durasoft.AuthenticationServiceSpec.mockDomain() is applicable for argument types: (java.lang.Class, java.util.ArrayList) values: [class com.durasoft.SpockUser, [com.durasoft.SpockUser : null]]
	at com.durasoft.AuthenticationServiceSpec.test valid authentication(AuthenticationServiceSpec.groovy:18)
